Human Computer Interaction (HCI)/Assignment 5/Notepadv3/app/build/intermediates/manifest_merge_blame_file/debug/manifest-merger-blame-debug-report.txt
1<?xml version="1.0" encoding="utf-8"?>
2<manifest xmlns:android="http://schemas.android.com/apk/res/android"
3    package="com.android.demo.notepad3" >
4
5    <application
5-->src\main\AndroidManifest.xml:3:5-11:19
6        android:debuggable="true"
7        android:icon="@drawable/icon"
7-->src\main\AndroidManifest.xml:3:18-47
8        android:testOnly="true" >
9        <activity
9-->src\main\AndroidManifest.xml:4:9-9:20
10            android:name="com.android.demo.notepad3.Notepadv3"
10-->src\main\AndroidManifest.xml:4:19-44
11            android:label="@string/app_name" >
11-->src\main\AndroidManifest.xml:4:45-77
12            <intent-filter>
12-->src\main\AndroidManifest.xml:5:13-8:29
13                <action android:name="android.intent.action.MAIN" />
13-->src\main\AndroidManifest.xml:6:17-69
13-->src\main\AndroidManifest.xml:6:25-66
14
15                <category android:name="android.intent.category.LAUNCHER" />
15-->src\main\AndroidManifest.xml:7:17-77
15-->src\main\AndroidManifest.xml:7:27-74
16            </intent-filter>
17        </activity>
18        <activity android:name="com.android.demo.notepad3.NoteEdit" />
18-->src\main\AndroidManifest.xml:10:9-46
18-->src\main\AndroidManifest.xml:10:19-43
19    </application>
20
21</manifest>